2015-11-15 13:57:39,286  WARN [ModalContext] - ScalaProject - Project HelloWorld has platform default sourceLevel.
2015-11-15 13:57:39,291  WARN [ModalContext] - ScalaProject - Project HelloWorld runs on platform default installation.
2015-11-15 13:57:39,778  WARN [Worker-0] - ScalaProject - Project HelloWorld has platform default sourceLevel.
2015-11-15 13:57:39,779  WARN [Worker-0] - ScalaProject - Project HelloWorld runs on platform default installation.
2015-11-15 13:57:49,068  WARN [main] - ScalaProject - Project HelloWorld has platform default sourceLevel.
2015-11-15 13:57:49,068  WARN [main] - ScalaProject - Project HelloWorld runs on platform default installation.
2015-11-15 13:58:03,626  WARN [Worker-0] - ScalaProject - Project HelloWorld has platform default sourceLevel.
2015-11-15 13:58:03,626  WARN [Worker-0] - ScalaProject - Project HelloWorld runs on platform default installation.
2015-11-15 13:58:03,655  WARN [Worker-0] - ScalaProject - Project HelloWorld has platform default sourceLevel.
2015-11-15 13:58:03,655  WARN [Worker-0] - ScalaProject - Project HelloWorld runs on platform default installation.
2015-11-15 13:58:03,935  WARN [main] - ScalaProject - Project HelloWorld has platform default sourceLevel.
2015-11-15 13:58:03,936  WARN [main] - ScalaProject - Project HelloWorld runs on platform default installation.
2015-11-15 13:58:04,710  WARN [Worker-1] - ScalaProject - Project HelloWorld has platform default sourceLevel.
2015-11-15 13:58:04,710  WARN [Worker-1] - ScalaProject - Project HelloWorld runs on platform default installation.
2015-11-15 13:58:04,730  WARN [Worker-1] - ScalaProject - Project HelloWorld has platform default sourceLevel.
2015-11-15 13:58:04,730  WARN [Worker-1] - ScalaProject - Project HelloWorld runs on platform default installation.
2015-11-15 13:58:06,056  WARN [Worker-1] - ScalaProject - Project HelloWorld has platform default sourceLevel.
2015-11-15 13:58:06,057  WARN [Worker-1] - ScalaProject - Project HelloWorld runs on platform default installation.
2015-11-15 13:58:07,952 ERROR [main] - org.scala-ide.sdt.core - org.scala-ide.sdt.core - org.scala-ide.sdt.core - 0 - An error occurred while trying to create a file.
org.eclipse.core.internal.resources.ResourceException: Resource '/HelloWorld/src/hello.scala' already exists.
	at org.eclipse.core.internal.resources.Resource.checkDoesNotExist(Resource.java:320)
	at org.eclipse.core.internal.resources.Resource.checkDoesNotExist(Resource.java:307)
	at org.eclipse.core.internal.resources.File.create(File.java:112)
	at org.eclipse.core.internal.resources.File.create(File.java:188)
	at org.scalaide.util.eclipse.FileUtils$$anonfun$createFile$1.apply$mcV$sp(FileUtils.scala:98)
	at org.scalaide.util.eclipse.FileUtils$$anonfun$createFile$1.apply(FileUtils.scala:89)
	at org.scalaide.util.eclipse.FileUtils$$anonfun$createFile$1.apply(FileUtils.scala:89)
	at scala.util.Try$.apply(Try.scala:192)
	at org.scalaide.util.eclipse.FileUtils$.createFile(FileUtils.scala:89)
	at org.scalaide.ui.internal.wizards.NewFileWizard$$anonfun$okPressed$1.apply(NewFileWizard.scala:284)
	at org.scalaide.ui.internal.wizards.NewFileWizard$$anonfun$okPressed$1.apply(NewFileWizard.scala:283)
	at scala.Option.foreach(Option.scala:257)
	at org.scalaide.ui.internal.wizards.NewFileWizard$class.okPressed(NewFileWizard.scala:283)
	at org.scalaide.ui.internal.wizards.NewFileWizardAdapter$$anon$1.okPressed(NewFileWizardAdapter.scala:28)
	at org.scalaide.ui.internal.wizards.NewFileWizardAdapter.performFinish(NewFileWizardAdapter.scala:55)
	at org.eclipse.jface.wizard.WizardDialog.finishPressed(WizardDialog.java:853)
	at org.eclipse.jface.wizard.WizardDialog.buttonPressed(WizardDialog.java:438)
	at org.eclipse.jface.dialogs.Dialog$2.widgetSelected(Dialog.java:619)
	at org.eclipse.swt.widgets.TypedListener.handleEvent(TypedListener.java:248)
	at org.eclipse.swt.widgets.EventTable.sendEvent(EventTable.java:84)
	at org.eclipse.swt.widgets.Display.sendEvent(Display.java:4199)
	at org.eclipse.swt.widgets.Widget.sendEvent(Widget.java:1467)
	at org.eclipse.swt.widgets.Widget.sendEvent(Widget.java:1490)
	at org.eclipse.swt.widgets.Widget.sendEvent(Widget.java:1475)
	at org.eclipse.swt.widgets.Widget.notifyListeners(Widget.java:1279)
	at org.eclipse.swt.widgets.Display.runDeferredEvents(Display.java:4042)
	at org.eclipse.swt.widgets.Display.readAndDispatch(Display.java:3669)
	at org.eclipse.jface.window.Window.runEventLoop(Window.java:832)
	at org.eclipse.jface.window.Window.open(Window.java:808)
	at org.eclipse.ui.internal.actions.NewWizardShortcutAction.run(NewWizardShortcutAction.java:136)
	at org.eclipse.jface.action.Action.runWithEvent(Action.java:519)
	at org.eclipse.jface.action.ActionContributionItem.handleWidgetSelection(ActionContributionItem.java:595)
	at org.eclipse.jface.action.ActionContributionItem.access$2(ActionContributionItem.java:511)
	at org.eclipse.jface.action.ActionContributionItem$5.handleEvent(ActionContributionItem.java:420)
	at org.eclipse.swt.widgets.EventTable.sendEvent(EventTable.java:84)
	at org.eclipse.swt.widgets.Display.sendEvent(Display.java:4199)
	at org.eclipse.swt.widgets.Widget.sendEvent(Widget.java:1467)
	at org.eclipse.swt.widgets.Widget.sendEvent(Widget.java:1490)
	at org.eclipse.swt.widgets.Widget.sendEvent(Widget.java:1475)
	at org.eclipse.swt.widgets.Widget.notifyListeners(Widget.java:1279)
	at org.eclipse.swt.widgets.Display.runDeferredEvents(Display.java:4042)
	at org.eclipse.swt.widgets.Display.readAndDispatch(Display.java:3669)
	at org.eclipse.e4.ui.internal.workbench.swt.PartRenderingEngine$9.run(PartRenderingEngine.java:1151)
	at org.eclipse.core.databinding.observable.Realm.runWithDefault(Realm.java:332)
	at org.eclipse.e4.ui.internal.workbench.swt.PartRenderingEngine.run(PartRenderingEngine.java:1032)
	at org.eclipse.e4.ui.internal.workbench.E4Workbench.createAndRunUI(E4Workbench.java:148)
	at org.eclipse.ui.internal.Workbench$5.run(Workbench.java:636)
	at org.eclipse.core.databinding.observable.Realm.runWithDefault(Realm.java:332)
	at org.eclipse.ui.internal.Workbench.createAndRunWorkbench(Workbench.java:579)
	at org.eclipse.ui.PlatformUI.createAndRunWorkbench(PlatformUI.java:150)
	at org.eclipse.ui.internal.ide.application.IDEApplication.start(IDEApplication.java:135)
	at org.eclipse.equinox.internal.app.EclipseAppHandle.run(EclipseAppHandle.java:196)
	at org.eclipse.core.runtime.internal.adaptor.EclipseAppLauncher.runApplication(EclipseAppLauncher.java:134)
	at org.eclipse.core.runtime.internal.adaptor.EclipseAppLauncher.start(EclipseAppLauncher.java:104)
	at org.eclipse.core.runtime.adaptor.EclipseStarter.run(EclipseStarter.java:380)
	at org.eclipse.core.runtime.adaptor.EclipseStarter.run(EclipseStarter.java:235)
	at sun.reflect.NativeMethodAccessorImpl.invoke0(Native Method)
	at sun.reflect.NativeMethodAccessorImpl.invoke(NativeMethodAccessorImpl.java:62)
	at sun.reflect.DelegatingMethodAccessorImpl.invoke(DelegatingMethodAccessorImpl.java:43)
	at java.lang.reflect.Method.invoke(Method.java:497)
	at org.eclipse.equinox.launcher.Main.invokeFramework(Main.java:648)
	at org.eclipse.equinox.launcher.Main.basicRun(Main.java:603)
	at org.eclipse.equinox.launcher.Main.run(Main.java:1465)
2015-11-15 13:58:20,172  WARN [Worker-8] - ScalaProject - Project HelloWorld has platform default sourceLevel.
2015-11-15 13:58:20,174  WARN [Worker-8] - ScalaProject - Project HelloWorld runs on platform default installation.
2015-11-15 13:58:20,199  WARN [Worker-8] - ScalaProject - Project HelloWorld has platform default sourceLevel.
2015-11-15 13:58:20,199  WARN [Worker-8] - ScalaProject - Project HelloWorld runs on platform default installation.
2015-11-15 13:58:20,239  WARN [Worker-8] - ScalaProject - Project HelloWorld has platform default sourceLevel.
2015-11-15 13:58:20,239  WARN [Worker-8] - ScalaProject - Project HelloWorld runs on platform default installation.
2015-11-15 13:58:33,569  WARN [main] - ScalaProject - Project HelloWorld has platform default sourceLevel.
2015-11-15 13:58:33,569  WARN [main] - ScalaProject - Project HelloWorld runs on platform default installation.
2015-11-15 13:58:33,808  WARN [Worker-8] - ScalaProject - Project HelloWorld has platform default sourceLevel.
2015-11-15 13:58:33,808  WARN [Worker-8] - ScalaProject - Project HelloWorld runs on platform default installation.
2015-11-15 13:58:33,827  WARN [Worker-8] - ScalaProject - Project HelloWorld has platform default sourceLevel.
2015-11-15 13:58:33,827  WARN [Worker-8] - ScalaProject - Project HelloWorld runs on platform default installation.
2015-11-15 13:58:37,469  WARN [Worker-8] - ScalaProject - Project HelloWorld has platform default sourceLevel.
2015-11-15 13:58:37,470  WARN [Worker-8] - ScalaProject - Project HelloWorld runs on platform default installation.
2015-11-15 13:58:44,745  WARN [Worker-8] - ScalaProject - Project HelloWorld has platform default sourceLevel.
2015-11-15 13:58:44,745  WARN [Worker-8] - ScalaProject - Project HelloWorld runs on platform default installation.
2015-11-15 13:58:44,771  WARN [Worker-8] - ScalaProject - Project HelloWorld has platform default sourceLevel.
2015-11-15 13:58:44,771  WARN [Worker-8] - ScalaProject - Project HelloWorld runs on platform default installation.
2015-11-15 13:58:44,801  WARN [Worker-8] - ScalaProject - Project HelloWorld has platform default sourceLevel.
2015-11-15 13:58:44,801  WARN [Worker-8] - ScalaProject - Project HelloWorld runs on platform default installation.
2015-11-15 13:58:54,851  WARN [main] - ScalaProject - Project HelloWorld has platform default sourceLevel.
2015-11-15 13:58:54,852  WARN [main] - ScalaProject - Project HelloWorld runs on platform default installation.
2015-11-15 13:58:55,004  WARN [Worker-7] - ScalaProject - Project HelloWorld has platform default sourceLevel.
2015-11-15 13:58:55,004  WARN [Worker-7] - ScalaProject - Project HelloWorld runs on platform default installation.
2015-11-15 13:58:55,020  WARN [Worker-7] - ScalaProject - Project HelloWorld has platform default sourceLevel.
2015-11-15 13:58:55,020  WARN [Worker-7] - ScalaProject - Project HelloWorld runs on platform default installation.
2015-11-15 13:58:55,908  WARN [Worker-7] - ScalaProject - Project HelloWorld has platform default sourceLevel.
2015-11-15 13:58:55,908  WARN [Worker-7] - ScalaProject - Project HelloWorld runs on platform default installation.
2015-11-15 13:59:53,780  WARN [ModalContext] - ScalaProject - Project HelloWorls has platform default sourceLevel.
2015-11-15 13:59:53,782  WARN [ModalContext] - ScalaProject - Project HelloWorls runs on platform default installation.
2015-11-15 13:59:56,263  WARN [Worker-4] - ScalaProject - Project HelloWorls has platform default sourceLevel.
2015-11-15 13:59:56,263  WARN [Worker-4] - ScalaProject - Project HelloWorls runs on platform default installation.
2015-11-15 13:59:56,280  WARN [Worker-4] - ScalaProject - Project HelloWorls has platform default sourceLevel.
2015-11-15 13:59:56,280  WARN [Worker-4] - ScalaProject - Project HelloWorls runs on platform default installation.
2015-11-15 13:59:56,297  WARN [Worker-4] - ScalaProject - Project HelloWorls has platform default sourceLevel.
2015-11-15 13:59:56,297  WARN [Worker-4] - ScalaProject - Project HelloWorls runs on platform default installation.
2015-11-15 14:00:31,729  WARN [ModalContext] - ScalaProject - Project HelloWorld has platform default sourceLevel.
2015-11-15 14:00:31,730  WARN [ModalContext] - ScalaProject - Project HelloWorld runs on platform default installation.
2015-11-15 14:00:33,285  WARN [Worker-7] - ScalaProject - Project HelloWorld has platform default sourceLevel.
2015-11-15 14:00:33,285  WARN [Worker-7] - ScalaProject - Project HelloWorld runs on platform default installation.
2015-11-15 14:00:33,304  WARN [Worker-7] - ScalaProject - Project HelloWorld has platform default sourceLevel.
2015-11-15 14:00:33,305  WARN [Worker-7] - ScalaProject - Project HelloWorld runs on platform default installation.
2015-11-15 14:00:33,333  WARN [Worker-7] - ScalaProject - Project HelloWorld has platform default sourceLevel.
2015-11-15 14:00:33,333  WARN [Worker-7] - ScalaProject - Project HelloWorld runs on platform default installation.
2015-11-15 14:00:39,801  WARN [main] - ScalaProject - Project HelloWorld has platform default sourceLevel.
2015-11-15 14:00:39,802  WARN [main] - ScalaProject - Project HelloWorld runs on platform default installation.
2015-11-15 14:02:05,253  WARN [main] - ScalaProject - Project HelloWorld has platform default sourceLevel.
2015-11-15 14:02:05,253  WARN [main] - ScalaProject - Project HelloWorld runs on platform default installation.
2015-11-15 14:02:05,379  WARN [Worker-5] - ScalaProject - Project HelloWorld has platform default sourceLevel.
2015-11-15 14:02:05,380  WARN [Worker-5] - ScalaProject - Project HelloWorld runs on platform default installation.
2015-11-15 14:02:05,399  WARN [Worker-5] - ScalaProject - Project HelloWorld has platform default sourceLevel.
2015-11-15 14:02:05,400  WARN [Worker-5] - ScalaProject - Project HelloWorld runs on platform default installation.
2015-11-15 14:02:08,882  WARN [Worker-5] - ScalaProject - Project HelloWorld has platform default sourceLevel.
2015-11-15 14:02:08,882  WARN [Worker-5] - ScalaProject - Project HelloWorld runs on platform default installation.
2015-11-15 14:04:18,377  WARN [ModalContext] - ScalaProject - Project HelloWorld has platform default sourceLevel.
2015-11-15 14:04:18,378  WARN [ModalContext] - ScalaProject - Project HelloWorld runs on platform default installation.
2015-11-15 14:04:18,504  WARN [ModalContext] - ScalaProject - Project HelloWorld has platform default sourceLevel.
2015-11-15 14:04:18,504  WARN [ModalContext] - ScalaProject - Project HelloWorld runs on platform default installation.
2015-11-15 14:04:21,058  WARN [Worker-9] - ScalaProject - Project HelloWorld has platform default sourceLevel.
2015-11-15 14:04:21,059  WARN [Worker-9] - ScalaProject - Project HelloWorld runs on platform default installation.
2015-11-15 14:04:21,076  WARN [Worker-9] - ScalaProject - Project HelloWorld has platform default sourceLevel.
2015-11-15 14:04:21,076  WARN [Worker-9] - ScalaProject - Project HelloWorld runs on platform default installation.
2015-11-15 14:04:21,089  WARN [Worker-9] - ScalaProject - Project HelloWorld has platform default sourceLevel.
2015-11-15 14:04:21,089  WARN [Worker-9] - ScalaProject - Project HelloWorld runs on platform default installation.
2015-11-15 14:04:25,808  WARN [Java indexing] - ScalaProject - Project HelloWorld has platform default sourceLevel.
2015-11-15 14:04:25,808  WARN [Java indexing] - ScalaProject - Project HelloWorld runs on platform default installation.
2015-11-15 14:05:50,026  WARN [Worker-12] - ScalaProject - Project HelloWorld has platform default sourceLevel.
2015-11-15 14:05:50,028  WARN [Worker-12] - ScalaProject - Project HelloWorld runs on platform default installation.
2015-11-15 14:05:50,043  WARN [Worker-12] - ScalaProject - Project HelloWorld has platform default sourceLevel.
2015-11-15 14:05:50,044  WARN [Worker-12] - ScalaProject - Project HelloWorld runs on platform default installation.
2015-11-15 14:05:50,066  WARN [Worker-12] - ScalaProject - Project HelloWorld has platform default sourceLevel.
2015-11-15 14:05:50,066  WARN [Worker-12] - ScalaProject - Project HelloWorld runs on platform default installation.
2015-11-15 14:05:58,437  WARN [Worker-12] - ScalaProject - Project HelloWorld has platform default sourceLevel.
2015-11-15 14:05:58,438  WARN [Worker-12] - ScalaProject - Project HelloWorld runs on platform default installation.
2015-11-15 14:05:58,451  WARN [Worker-12] - ScalaProject - Project HelloWorld has platform default sourceLevel.
2015-11-15 14:05:58,451  WARN [Worker-12] - ScalaProject - Project HelloWorld runs on platform default installation.
2015-11-15 14:05:58,460  WARN [Worker-12] - ScalaProject - Project HelloWorld has platform default sourceLevel.
2015-11-15 14:05:58,461  WARN [Worker-12] - ScalaProject - Project HelloWorld runs on platform default installation.
2015-11-15 14:06:30,564  WARN [main] - ScalaProject - Project HelloWorld has platform default sourceLevel.
2015-11-15 14:06:30,565  WARN [main] - ScalaProject - Project HelloWorld runs on platform default installation.
2015-11-15 14:06:32,911  WARN [main] - ScalaProject - Project HelloWorld has platform default sourceLevel.
2015-11-15 14:06:32,911  WARN [main] - ScalaProject - Project HelloWorld runs on platform default installation.
2015-11-15 14:06:33,054  WARN [Worker-8] - ScalaProject - Project HelloWorld has platform default sourceLevel.
2015-11-15 14:06:33,055  WARN [Worker-8] - ScalaProject - Project HelloWorld runs on platform default installation.
2015-11-15 14:06:33,073  WARN [Worker-8] - ScalaProject - Project HelloWorld has platform default sourceLevel.
2015-11-15 14:06:33,073  WARN [Worker-8] - ScalaProject - Project HelloWorld runs on platform default installation.
2015-11-15 14:06:36,880  WARN [Worker-8] - ScalaProject - Project HelloWorld has platform default sourceLevel.
2015-11-15 14:06:36,881  WARN [Worker-8] - ScalaProject - Project HelloWorld runs on platform default installation.
2015-11-15 14:07:07,805  WARN [Worker-14] - ScalaProject - Project HelloWorld has platform default sourceLevel.
2015-11-15 14:07:07,806  WARN [Worker-14] - ScalaProject - Project HelloWorld runs on platform default installation.
2015-11-15 14:07:07,819  WARN [Worker-14] - ScalaProject - Project HelloWorld has platform default sourceLevel.
2015-11-15 14:07:07,819  WARN [Worker-14] - ScalaProject - Project HelloWorld runs on platform default installation.
2015-11-15 14:07:10,826  WARN [Worker-14] - ScalaProject - Project HelloWorld has platform default sourceLevel.
2015-11-15 14:07:10,827  WARN [Worker-14] - ScalaProject - Project HelloWorld runs on platform default installation.
2015-11-15 14:08:35,008 ERROR [Worker-8] - System.err - SLF4J: Failed to load class "org.slf4j.impl.StaticLoggerBinder".
2015-11-15 14:08:35,008 ERROR [Worker-8] - System.err - SLF4J: Defaulting to no-operation (NOP) logger implementation
2015-11-15 14:08:35,008 ERROR [Worker-8] - System.err - SLF4J: See http://www.slf4j.org/codes.html#StaticLoggerBinder for further details.
2015-11-15 14:09:30,806  WARN [Worker-15] - ScalaProject - Project HelloWorld has platform default sourceLevel.
2015-11-15 14:09:30,807  WARN [Worker-15] - ScalaProject - Project HelloWorld runs on platform default installation.
2015-11-15 14:09:30,826  WARN [Worker-15] - ScalaProject - Project HelloWorld has platform default sourceLevel.
2015-11-15 14:09:30,826  WARN [Worker-15] - ScalaProject - Project HelloWorld runs on platform default installation.
2015-11-15 14:09:30,844  WARN [Worker-15] - ScalaProject - Project HelloWorld has platform default sourceLevel.
2015-11-15 14:09:30,845  WARN [Worker-15] - ScalaProject - Project HelloWorld runs on platform default installation.
2015-11-15 14:09:32,758  WARN [Worker-13] - ScalaProject - Project HelloWorld has platform default sourceLevel.
2015-11-15 14:09:32,758  WARN [Worker-13] - ScalaProject - Project HelloWorld runs on platform default installation.
2015-11-15 14:09:32,770  WARN [Worker-13] - ScalaProject - Project HelloWorld has platform default sourceLevel.
2015-11-15 14:09:32,770  WARN [Worker-13] - ScalaProject - Project HelloWorld runs on platform default installation.
2015-11-15 14:09:32,780  WARN [Worker-13] - ScalaProject - Project HelloWorld has platform default sourceLevel.
2015-11-15 14:09:32,780  WARN [Worker-13] - ScalaProject - Project HelloWorld runs on platform default installation.
2015-11-15 14:10:11,329  WARN [Worker-12] - ScalaProject - Project HelloWorld has platform default sourceLevel.
2015-11-15 14:10:11,330  WARN [Worker-12] - ScalaProject - Project HelloWorld runs on platform default installation.
2015-11-15 14:10:11,344  WARN [Worker-12] - ScalaProject - Project HelloWorld has platform default sourceLevel.
2015-11-15 14:10:11,348  WARN [Worker-12] - ScalaProject - Project HelloWorld runs on platform default installation.
2015-11-15 14:10:11,360  WARN [Worker-12] - ScalaProject - Project HelloWorld has platform default sourceLevel.
2015-11-15 14:10:11,360  WARN [Worker-12] - ScalaProject - Project HelloWorld runs on platform default installation.
2015-11-15 14:10:12,606  WARN [Worker-5] - ScalaProject - Project HelloWorld has platform default sourceLevel.
2015-11-15 14:10:12,607  WARN [Worker-5] - ScalaProject - Project HelloWorld runs on platform default installation.
2015-11-15 14:10:12,616  WARN [Worker-5] - ScalaProject - Project HelloWorld has platform default sourceLevel.
2015-11-15 14:10:12,617  WARN [Worker-5] - ScalaProject - Project HelloWorld runs on platform default installation.
2015-11-15 14:10:12,628  WARN [Worker-5] - ScalaProject - Project HelloWorld has platform default sourceLevel.
2015-11-15 14:10:12,628  WARN [Worker-5] - ScalaProject - Project HelloWorld runs on platform default installation.
2015-11-15 14:10:47,263  WARN [Worker-8] - ScalaProject - Project HelloWorld has platform default sourceLevel.
2015-11-15 14:10:47,263  WARN [Worker-8] - ScalaProject - Project HelloWorld runs on platform default installation.
2015-11-15 14:10:47,286  WARN [Worker-8] - ScalaProject - Project HelloWorld has platform default sourceLevel.
2015-11-15 14:10:47,287  WARN [Worker-8] - ScalaProject - Project HelloWorld runs on platform default installation.
2015-11-15 14:10:47,298  WARN [Worker-8] - ScalaProject - Project HelloWorld has platform default sourceLevel.
2015-11-15 14:10:47,298  WARN [Worker-8] - ScalaProject - Project HelloWorld runs on platform default installation.
2015-11-15 14:10:48,383  WARN [Worker-11] - ScalaProject - Project HelloWorld has platform default sourceLevel.
2015-11-15 14:10:48,384  WARN [Worker-11] - ScalaProject - Project HelloWorld runs on platform default installation.
2015-11-15 14:10:48,393  WARN [Worker-11] - ScalaProject - Project HelloWorld has platform default sourceLevel.
2015-11-15 14:10:48,394  WARN [Worker-11] - ScalaProject - Project HelloWorld runs on platform default installation.
2015-11-15 14:10:48,404  WARN [Worker-11] - ScalaProject - Project HelloWorld has platform default sourceLevel.
2015-11-15 14:10:48,404  WARN [Worker-11] - ScalaProject - Project HelloWorld runs on platform default installation.
2015-11-30 18:32:32,133  WARN [Worker-3] - ScalaProject - Project HelloWorld has platform default sourceLevel.
2015-11-30 18:32:32,136  WARN [Worker-3] - ScalaProject - Project HelloWorld runs on platform default installation.
2015-11-30 18:32:32,249  WARN [org.eclipse.jface.text.reconciler.MonoReconciler] - ScalaProject - Project HelloWorld has platform default sourceLevel.
2015-11-30 18:32:32,250  WARN [org.eclipse.jface.text.reconciler.MonoReconciler] - ScalaProject - Project HelloWorld runs on platform default installation.
2015-11-30 18:32:33,383  WARN [Worker-4] - ScalaProject - Project HelloWorld has platform default sourceLevel.
2015-11-30 18:32:33,383  WARN [Worker-4] - ScalaProject - Project HelloWorld runs on platform default installation.
2015-11-30 18:32:33,443  WARN [Worker-4] - ScalaProject - Project HelloWorld has platform default sourceLevel.
2015-11-30 18:32:33,443  WARN [Worker-4] - ScalaProject - Project HelloWorld runs on platform default installation.
2015-11-30 18:32:33,920  WARN [Worker-4] - ScalaProject - Project HelloWorld has platform default sourceLevel.
2015-11-30 18:32:33,920  WARN [Worker-4] - ScalaProject - Project HelloWorld runs on platform default installation.
2015-11-30 18:32:34,262  WARN [Worker-4] - ScalaProject - Project HelloWorld has platform default sourceLevel.
2015-11-30 18:32:34,262  WARN [Worker-4] - ScalaProject - Project HelloWorld runs on platform default installation.
2015-12-02 08:16:19,509  WARN [Worker-0] - ScalaProject - Project HelloWorld has platform default sourceLevel.
2015-12-02 08:16:19,514  WARN [Worker-0] - ScalaProject - Project HelloWorld runs on platform default installation.
2015-12-02 08:16:19,675  WARN [org.eclipse.jface.text.reconciler.MonoReconciler] - ScalaProject - Project HelloWorld has platform default sourceLevel.
2015-12-02 08:16:19,677  WARN [org.eclipse.jface.text.reconciler.MonoReconciler] - ScalaProject - Project HelloWorld runs on platform default installation.
2015-12-02 08:20:06,738  WARN [ModalContext] - ScalaProject - Project Coursera has platform default sourceLevel.
2015-12-02 08:20:06,738  WARN [ModalContext] - ScalaProject - Project Coursera runs on platform default installation.
2015-12-02 08:20:06,996  WARN [Worker-4] - ScalaProject - Project Coursera has platform default sourceLevel.
2015-12-02 08:20:06,996  WARN [Worker-4] - ScalaProject - Project Coursera runs on platform default installation.
2015-12-02 08:20:07,262  WARN [Worker-4] - ScalaProject - Project Coursera has platform default sourceLevel.
2015-12-02 08:20:07,263  WARN [Worker-4] - ScalaProject - Project Coursera runs on platform default installation.
2015-12-02 08:20:07,296  WARN [Worker-4] - ScalaProject - Project Coursera has platform default sourceLevel.
2015-12-02 08:20:07,297  WARN [Worker-4] - ScalaProject - Project Coursera runs on platform default installation.
2015-12-02 08:20:28,562  WARN [Worker-7] - ScalaProject - Project Coursera has platform default sourceLevel.
2015-12-02 08:20:28,562  WARN [Worker-7] - ScalaProject - Project Coursera runs on platform default installation.
2015-12-02 08:20:28,733  WARN [Worker-7] - ScalaProject - Project Coursera has platform default sourceLevel.
2015-12-02 08:20:28,733  WARN [Worker-7] - ScalaProject - Project Coursera runs on platform default installation.
2015-12-02 08:20:28,759  WARN [Worker-7] - ScalaProject - Project Coursera has platform default sourceLevel.
2015-12-02 08:20:28,760  WARN [Worker-7] - ScalaProject - Project Coursera runs on platform default installation.
2015-12-02 08:22:17,125  WARN [Worker-4] - ScalaProject - Project Coursera has platform default sourceLevel.
2015-12-02 08:22:17,125  WARN [Worker-4] - ScalaProject - Project Coursera runs on platform default installation.
2015-12-02 08:22:17,147  WARN [Worker-4] - ScalaProject - Project Coursera has platform default sourceLevel.
2015-12-02 08:22:17,148  WARN [Worker-4] - ScalaProject - Project Coursera runs on platform default installation.
2015-12-02 08:22:17,205  WARN [Worker-4] - ScalaProject - Project Coursera has platform default sourceLevel.
2015-12-02 08:22:17,210  WARN [Worker-4] - ScalaProject - Project Coursera runs on platform default installation.
2015-12-02 08:22:17,232  WARN [bundle-325-ActorSystem-akka.actor.default-dispatcher-6] - ScalaProject - Project Coursera has platform default sourceLevel.
2015-12-02 08:22:17,232  WARN [bundle-325-ActorSystem-akka.actor.default-dispatcher-6] - ScalaProject - Project Coursera runs on platform default installation.
2015-12-02 08:22:20,748  WARN [Worker-6] - ScalaProject - Project Coursera has platform default sourceLevel.
2015-12-02 08:22:20,749  WARN [Worker-6] - ScalaProject - Project Coursera runs on platform default installation.
2015-12-02 08:22:20,768  WARN [Worker-6] - ScalaProject - Project Coursera has platform default sourceLevel.
2015-12-02 08:22:20,769  WARN [Worker-6] - ScalaProject - Project Coursera runs on platform default installation.
2015-12-02 08:22:20,788  WARN [Worker-6] - ScalaProject - Project Coursera has platform default sourceLevel.
2015-12-02 08:22:20,788  WARN [Worker-6] - ScalaProject - Project Coursera runs on platform default installation.
2015-12-02 08:22:46,285  WARN [Worker-8] - ScalaProject - Project Coursera has platform default sourceLevel.
2015-12-02 08:22:46,285  WARN [Worker-8] - ScalaProject - Project Coursera runs on platform default installation.
2015-12-02 08:22:46,307  WARN [Worker-8] - ScalaProject - Project Coursera has platform default sourceLevel.
2015-12-02 08:22:46,307  WARN [Worker-8] - ScalaProject - Project Coursera runs on platform default installation.
2015-12-02 08:22:46,326  WARN [Worker-8] - ScalaProject - Project Coursera has platform default sourceLevel.
2015-12-02 08:22:46,326  WARN [Worker-8] - ScalaProject - Project Coursera runs on platform default installation.
2015-12-02 08:22:47,355  WARN [Worker-8] - ScalaProject - Project Coursera has platform default sourceLevel.
2015-12-02 08:22:47,355  WARN [Worker-8] - ScalaProject - Project Coursera runs on platform default installation.
2015-12-02 08:22:47,382  WARN [Worker-8] - ScalaProject - Project Coursera has platform default sourceLevel.
2015-12-02 08:22:47,382  WARN [Worker-8] - ScalaProject - Project Coursera runs on platform default installation.
2015-12-02 08:22:47,427  WARN [Worker-8] - ScalaProject - Project Coursera has platform default sourceLevel.
2015-12-02 08:22:47,428  WARN [Worker-8] - ScalaProject - Project Coursera runs on platform default installation.
2015-12-02 08:22:50,014  WARN [Worker-8] - ScalaProject - Project Coursera has platform default sourceLevel.
2015-12-02 08:22:50,015  WARN [Worker-8] - ScalaProject - Project Coursera runs on platform default installation.
2015-12-02 08:22:50,031  WARN [Worker-8] - ScalaProject - Project Coursera has platform default sourceLevel.
2015-12-02 08:22:50,031  WARN [Worker-8] - ScalaProject - Project Coursera runs on platform default installation.
2015-12-02 08:22:50,050  WARN [Worker-8] - ScalaProject - Project Coursera has platform default sourceLevel.
2015-12-02 08:22:50,050  WARN [Worker-8] - ScalaProject - Project Coursera runs on platform default installation.
2015-12-02 08:22:51,537  WARN [Worker-8] - ScalaProject - Project Coursera has platform default sourceLevel.
2015-12-02 08:22:51,537  WARN [Worker-8] - ScalaProject - Project Coursera runs on platform default installation.
2015-12-02 08:22:51,552  WARN [Worker-8] - ScalaProject - Project Coursera has platform default sourceLevel.
2015-12-02 08:22:51,552  WARN [Worker-8] - ScalaProject - Project Coursera runs on platform default installation.
2015-12-02 08:22:51,567  WARN [Worker-8] - ScalaProject - Project Coursera has platform default sourceLevel.
2015-12-02 08:22:51,568  WARN [Worker-8] - ScalaProject - Project Coursera runs on platform default installation.
2015-12-02 08:24:50,731  WARN [Worker-8] - ScalaProject - Project Coursera has platform default sourceLevel.
2015-12-02 08:24:50,731  WARN [Worker-8] - ScalaProject - Project Coursera runs on platform default installation.
2015-12-02 08:24:50,751  WARN [Worker-8] - ScalaProject - Project Coursera has platform default sourceLevel.
2015-12-02 08:24:50,751  WARN [Worker-8] - ScalaProject - Project Coursera runs on platform default installation.
2015-12-02 08:24:50,773  WARN [Worker-8] - ScalaProject - Project Coursera has platform default sourceLevel.
2015-12-02 08:24:50,773  WARN [Worker-8] - ScalaProject - Project Coursera runs on platform default installation.
2015-12-02 08:24:51,815  WARN [Worker-8] - ScalaProject - Project Coursera has platform default sourceLevel.
2015-12-02 08:24:51,816  WARN [Worker-8] - ScalaProject - Project Coursera runs on platform default installation.
2015-12-02 08:24:51,831  WARN [Worker-8] - ScalaProject - Project Coursera has platform default sourceLevel.
2015-12-02 08:24:51,832  WARN [Worker-8] - ScalaProject - Project Coursera runs on platform default installation.
2015-12-02 08:24:51,846  WARN [Worker-8] - ScalaProject - Project Coursera has platform default sourceLevel.
2015-12-02 08:24:51,846  WARN [Worker-8] - ScalaProject - Project Coursera runs on platform default installation.
2015-12-02 08:26:58,899  WARN [Worker-8] - ScalaProject - Project Coursera has platform default sourceLevel.
2015-12-02 08:26:58,900  WARN [Worker-8] - ScalaProject - Project Coursera runs on platform default installation.
2015-12-02 08:26:58,915  WARN [Worker-8] - ScalaProject - Project Coursera has platform default sourceLevel.
2015-12-02 08:26:58,915  WARN [Worker-8] - ScalaProject - Project Coursera runs on platform default installation.
2015-12-02 08:26:58,931  WARN [Worker-8] - ScalaProject - Project Coursera has platform default sourceLevel.
2015-12-02 08:26:58,931  WARN [Worker-8] - ScalaProject - Project Coursera runs on platform default installation.
2015-12-02 08:26:59,958  WARN [Worker-8] - ScalaProject - Project Coursera has platform default sourceLevel.
2015-12-02 08:26:59,959  WARN [Worker-8] - ScalaProject - Project Coursera runs on platform default installation.
2015-12-02 08:26:59,973  WARN [Worker-8] - ScalaProject - Project Coursera has platform default sourceLevel.
2015-12-02 08:26:59,973  WARN [Worker-8] - ScalaProject - Project Coursera runs on platform default installation.
2015-12-02 08:26:59,987  WARN [Worker-8] - ScalaProject - Project Coursera has platform default sourceLevel.
2015-12-02 08:26:59,988  WARN [Worker-8] - ScalaProject - Project Coursera runs on platform default installation.
2015-12-02 08:27:04,791  WARN [Worker-4] - ScalaProject - Project Coursera has platform default sourceLevel.
2015-12-02 08:27:04,791  WARN [Worker-4] - ScalaProject - Project Coursera runs on platform default installation.
2015-12-02 08:27:04,818  WARN [Worker-4] - ScalaProject - Project Coursera has platform default sourceLevel.
2015-12-02 08:27:04,818  WARN [Worker-4] - ScalaProject - Project Coursera runs on platform default installation.
2015-12-02 08:27:04,833  WARN [Worker-4] - ScalaProject - Project Coursera has platform default sourceLevel.
2015-12-02 08:27:04,833  WARN [Worker-4] - ScalaProject - Project Coursera runs on platform default installation.
2015-12-02 08:27:05,863  WARN [Worker-12] - ScalaProject - Project Coursera has platform default sourceLevel.
2015-12-02 08:27:05,863  WARN [Worker-12] - ScalaProject - Project Coursera runs on platform default installation.
2015-12-02 08:27:05,871  WARN [Worker-12] - ScalaProject - Project Coursera has platform default sourceLevel.
2015-12-02 08:27:05,871  WARN [Worker-12] - ScalaProject - Project Coursera runs on platform default installation.
2015-12-02 08:27:05,880  WARN [Worker-12] - ScalaProject - Project Coursera has platform default sourceLevel.
2015-12-02 08:27:05,880  WARN [Worker-12] - ScalaProject - Project Coursera runs on platform default installation.
2015-12-02 08:27:59,577  WARN [Worker-8] - ScalaProject - Project Coursera has platform default sourceLevel.
2015-12-02 08:27:59,577  WARN [Worker-8] - ScalaProject - Project Coursera runs on platform default installation.
2015-12-02 08:27:59,591  WARN [Worker-8] - ScalaProject - Project Coursera has platform default sourceLevel.
2015-12-02 08:27:59,591  WARN [Worker-8] - ScalaProject - Project Coursera runs on platform default installation.
2015-12-02 08:27:59,610  WARN [Worker-8] - ScalaProject - Project Coursera has platform default sourceLevel.
2015-12-02 08:27:59,611  WARN [Worker-8] - ScalaProject - Project Coursera runs on platform default installation.
2015-12-02 08:28:00,640  WARN [Worker-13] - ScalaProject - Project Coursera has platform default sourceLevel.
2015-12-02 08:28:00,641  WARN [Worker-13] - ScalaProject - Project Coursera runs on platform default installation.
2015-12-02 08:28:00,654  WARN [Worker-13] - ScalaProject - Project Coursera has platform default sourceLevel.
2015-12-02 08:28:00,655  WARN [Worker-13] - ScalaProject - Project Coursera runs on platform default installation.
2015-12-02 08:28:00,669  WARN [Worker-13] - ScalaProject - Project Coursera has platform default sourceLevel.
2015-12-02 08:28:00,669  WARN [Worker-13] - ScalaProject - Project Coursera runs on platform default installation.
2015-12-02 08:28:03,869  WARN [Worker-8] - ScalaProject - Project Coursera has platform default sourceLevel.
2015-12-02 08:28:03,870  WARN [Worker-8] - ScalaProject - Project Coursera runs on platform default installation.
2015-12-02 08:28:03,885  WARN [Worker-8] - ScalaProject - Project Coursera has platform default sourceLevel.
2015-12-02 08:28:03,885  WARN [Worker-8] - ScalaProject - Project Coursera runs on platform default installation.
2015-12-02 08:28:03,903  WARN [Worker-8] - ScalaProject - Project Coursera has platform default sourceLevel.
2015-12-02 08:28:03,903  WARN [Worker-8] - ScalaProject - Project Coursera runs on platform default installation.
2015-12-02 08:28:04,939  WARN [Worker-13] - ScalaProject - Project Coursera has platform default sourceLevel.
2015-12-02 08:28:04,939  WARN [Worker-13] - ScalaProject - Project Coursera runs on platform default installation.
2015-12-02 08:28:04,947  WARN [Worker-13] - ScalaProject - Project Coursera has platform default sourceLevel.
2015-12-02 08:28:04,947  WARN [Worker-13] - ScalaProject - Project Coursera runs on platform default installation.
2015-12-02 08:28:04,953  WARN [Worker-13] - ScalaProject - Project Coursera has platform default sourceLevel.
2015-12-02 08:28:04,954  WARN [Worker-13] - ScalaProject - Project Coursera runs on platform default installation.
2015-12-02 08:28:07,756  WARN [Worker-12] - ScalaProject - Project Coursera has platform default sourceLevel.
2015-12-02 08:28:07,756  WARN [Worker-12] - ScalaProject - Project Coursera runs on platform default installation.
2015-12-02 08:28:07,771  WARN [Worker-12] - ScalaProject - Project Coursera has platform default sourceLevel.
2015-12-02 08:28:07,771  WARN [Worker-12] - ScalaProject - Project Coursera runs on platform default installation.
2015-12-02 08:28:07,790  WARN [Worker-12] - ScalaProject - Project Coursera has platform default sourceLevel.
2015-12-02 08:28:07,790  WARN [Worker-12] - ScalaProject - Project Coursera runs on platform default installation.
2015-12-02 08:28:08,891  WARN [Worker-8] - ScalaProject - Project Coursera has platform default sourceLevel.
2015-12-02 08:28:08,891  WARN [Worker-8] - ScalaProject - Project Coursera runs on platform default installation.
2015-12-02 08:28:08,899  WARN [Worker-8] - ScalaProject - Project Coursera has platform default sourceLevel.
2015-12-02 08:28:08,900  WARN [Worker-8] - ScalaProject - Project Coursera runs on platform default installation.
2015-12-02 08:28:08,908  WARN [Worker-8] - ScalaProject - Project Coursera has platform default sourceLevel.
2015-12-02 08:28:08,908  WARN [Worker-8] - ScalaProject - Project Coursera runs on platform default installation.
2015-12-02 08:28:40,149  WARN [Worker-12] - ScalaProject - Project Coursera has platform default sourceLevel.
2015-12-02 08:28:40,149  WARN [Worker-12] - ScalaProject - Project Coursera runs on platform default installation.
2015-12-02 08:28:40,162  WARN [Worker-12] - ScalaProject - Project Coursera has platform default sourceLevel.
2015-12-02 08:28:40,163  WARN [Worker-12] - ScalaProject - Project Coursera runs on platform default installation.
2015-12-02 08:28:40,193  WARN [Worker-12] - ScalaProject - Project Coursera has platform default sourceLevel.
2015-12-02 08:28:40,193  WARN [Worker-12] - ScalaProject - Project Coursera runs on platform default installation.
2015-12-02 08:28:41,228  WARN [Worker-12] - ScalaProject - Project Coursera has platform default sourceLevel.
2015-12-02 08:28:41,228  WARN [Worker-12] - ScalaProject - Project Coursera runs on platform default installation.
2015-12-02 08:28:41,237  WARN [Worker-12] - ScalaProject - Project Coursera has platform default sourceLevel.
2015-12-02 08:28:41,237  WARN [Worker-12] - ScalaProject - Project Coursera runs on platform default installation.
2015-12-02 08:28:41,246  WARN [Worker-12] - ScalaProject - Project Coursera has platform default sourceLevel.
2015-12-02 08:28:41,246  WARN [Worker-12] - ScalaProject - Project Coursera runs on platform default installation.
2015-12-02 08:29:16,095  WARN [Worker-10] - ScalaProject - Project Coursera has platform default sourceLevel.
2015-12-02 08:29:16,095  WARN [Worker-10] - ScalaProject - Project Coursera runs on platform default installation.
2015-12-02 08:29:16,108  WARN [Worker-10] - ScalaProject - Project Coursera has platform default sourceLevel.
2015-12-02 08:29:16,109  WARN [Worker-10] - ScalaProject - Project Coursera runs on platform default installation.
2015-12-02 08:29:16,130  WARN [Worker-10] - ScalaProject - Project Coursera has platform default sourceLevel.
2015-12-02 08:29:16,130  WARN [Worker-10] - ScalaProject - Project Coursera runs on platform default installation.
2015-12-02 08:29:17,160  WARN [Worker-12] - ScalaProject - Project Coursera has platform default sourceLevel.
2015-12-02 08:29:17,160  WARN [Worker-12] - ScalaProject - Project Coursera runs on platform default installation.
2015-12-02 08:29:17,172  WARN [Worker-12] - ScalaProject - Project Coursera has platform default sourceLevel.
2015-12-02 08:29:17,172  WARN [Worker-12] - ScalaProject - Project Coursera runs on platform default installation.
2015-12-02 08:29:17,183  WARN [Worker-12] - ScalaProject - Project Coursera has platform default sourceLevel.
2015-12-02 08:29:17,183  WARN [Worker-12] - ScalaProject - Project Coursera runs on platform default installation.
2015-12-02 08:29:25,650  WARN [Worker-8] - ScalaProject - Project Coursera has platform default sourceLevel.
2015-12-02 08:29:25,651  WARN [Worker-8] - ScalaProject - Project Coursera runs on platform default installation.
2015-12-02 08:29:25,659  WARN [Worker-8] - ScalaProject - Project Coursera has platform default sourceLevel.
2015-12-02 08:29:25,660  WARN [Worker-8] - ScalaProject - Project Coursera runs on platform default installation.
2015-12-02 08:29:25,669  WARN [Worker-8] - ScalaProject - Project Coursera has platform default sourceLevel.
2015-12-02 08:29:25,670  WARN [Worker-8] - ScalaProject - Project Coursera runs on platform default installation.
2015-12-02 08:29:26,692  WARN [Worker-13] - ScalaProject - Project Coursera has platform default sourceLevel.
2015-12-02 08:29:26,692  WARN [Worker-13] - ScalaProject - Project Coursera runs on platform default installation.
2015-12-02 08:29:26,699  WARN [Worker-13] - ScalaProject - Project Coursera has platform default sourceLevel.
2015-12-02 08:29:26,699  WARN [Worker-13] - ScalaProject - Project Coursera runs on platform default installation.
2015-12-02 08:29:26,708  WARN [Worker-13] - ScalaProject - Project Coursera has platform default sourceLevel.
2015-12-02 08:29:26,708  WARN [Worker-13] - ScalaProject - Project Coursera runs on platform default installation.
2015-12-02 08:29:29,230  WARN [Worker-8] - ScalaProject - Project Coursera has platform default sourceLevel.
2015-12-02 08:29:29,231  WARN [Worker-8] - ScalaProject - Project Coursera runs on platform default installation.
2015-12-02 08:29:29,243  WARN [Worker-8] - ScalaProject - Project Coursera has platform default sourceLevel.
2015-12-02 08:29:29,243  WARN [Worker-8] - ScalaProject - Project Coursera runs on platform default installation.
2015-12-02 08:29:29,264  WARN [Worker-8] - ScalaProject - Project Coursera has platform default sourceLevel.
2015-12-02 08:29:29,264  WARN [Worker-8] - ScalaProject - Project Coursera runs on platform default installation.
2015-12-02 08:29:30,309  WARN [Worker-10] - ScalaProject - Project Coursera has platform default sourceLevel.
2015-12-02 08:29:30,309  WARN [Worker-10] - ScalaProject - Project Coursera runs on platform default installation.
2015-12-02 08:29:30,318  WARN [Worker-10] - ScalaProject - Project Coursera has platform default sourceLevel.
2015-12-02 08:29:30,318  WARN [Worker-10] - ScalaProject - Project Coursera runs on platform default installation.
2015-12-02 08:29:30,327  WARN [Worker-10] - ScalaProject - Project Coursera has platform default sourceLevel.
2015-12-02 08:29:30,328  WARN [Worker-10] - ScalaProject - Project Coursera runs on platform default installation.
2015-12-02 08:30:01,866  WARN [Worker-12] - ScalaProject - Project Coursera has platform default sourceLevel.
2015-12-02 08:30:01,867  WARN [Worker-12] - ScalaProject - Project Coursera runs on platform default installation.
2015-12-02 08:30:01,878  WARN [Worker-12] - ScalaProject - Project Coursera has platform default sourceLevel.
2015-12-02 08:30:01,878  WARN [Worker-12] - ScalaProject - Project Coursera runs on platform default installation.
2015-12-02 08:30:01,903  WARN [Worker-12] - ScalaProject - Project Coursera has platform default sourceLevel.
2015-12-02 08:30:01,908  WARN [Worker-12] - ScalaProject - Project Coursera runs on platform default installation.
2015-12-02 08:30:02,929  WARN [Worker-10] - ScalaProject - Project Coursera has platform default sourceLevel.
2015-12-02 08:30:02,930  WARN [Worker-10] - ScalaProject - Project Coursera runs on platform default installation.
2015-12-02 08:30:02,938  WARN [Worker-10] - ScalaProject - Project Coursera has platform default sourceLevel.
2015-12-02 08:30:02,938  WARN [Worker-10] - ScalaProject - Project Coursera runs on platform default installation.
2015-12-02 08:30:02,944  WARN [Worker-10] - ScalaProject - Project Coursera has platform default sourceLevel.
2015-12-02 08:30:02,944  WARN [Worker-10] - ScalaProject - Project Coursera runs on platform default installation.
2015-12-02 08:30:10,283  WARN [Worker-12] - ScalaProject - Project Coursera has platform default sourceLevel.
2015-12-02 08:30:10,284  WARN [Worker-12] - ScalaProject - Project Coursera runs on platform default installation.
2015-12-02 08:30:10,295  WARN [Worker-12] - ScalaProject - Project Coursera has platform default sourceLevel.
2015-12-02 08:30:10,295  WARN [Worker-12] - ScalaProject - Project Coursera runs on platform default installation.
2015-12-02 08:30:10,314  WARN [Worker-12] - ScalaProject - Project Coursera has platform default sourceLevel.
2015-12-02 08:30:10,315  WARN [Worker-12] - ScalaProject - Project Coursera runs on platform default installation.
2015-12-02 08:30:11,349  WARN [Worker-8] - ScalaProject - Project Coursera has platform default sourceLevel.
2015-12-02 08:30:11,350  WARN [Worker-8] - ScalaProject - Project Coursera runs on platform default installation.
2015-12-02 08:30:11,358  WARN [Worker-8] - ScalaProject - Project Coursera has platform default sourceLevel.
2015-12-02 08:30:11,359  WARN [Worker-8] - ScalaProject - Project Coursera runs on platform default installation.
2015-12-02 08:30:11,367  WARN [Worker-8] - ScalaProject - Project Coursera has platform default sourceLevel.
2015-12-02 08:30:11,368  WARN [Worker-8] - ScalaProject - Project Coursera runs on platform default installation.
2015-12-02 08:30:24,327  WARN [Worker-10] - ScalaProject - Project Coursera has platform default sourceLevel.
2015-12-02 08:30:24,328  WARN [Worker-10] - ScalaProject - Project Coursera runs on platform default installation.
2015-12-02 08:30:24,341  WARN [Worker-10] - ScalaProject - Project Coursera has platform default sourceLevel.
2015-12-02 08:30:24,341  WARN [Worker-10] - ScalaProject - Project Coursera runs on platform default installation.
2015-12-02 08:30:24,358  WARN [Worker-10] - ScalaProject - Project Coursera has platform default sourceLevel.
2015-12-02 08:30:24,359  WARN [Worker-10] - ScalaProject - Project Coursera runs on platform default installation.
2015-12-02 08:30:25,431  WARN [Worker-8] - ScalaProject - Project Coursera has platform default sourceLevel.
2015-12-02 08:30:25,431  WARN [Worker-8] - ScalaProject - Project Coursera runs on platform default installation.
2015-12-02 08:30:25,441  WARN [Worker-8] - ScalaProject - Project Coursera has platform default sourceLevel.
2015-12-02 08:30:25,441  WARN [Worker-8] - ScalaProject - Project Coursera runs on platform default installation.
2015-12-02 08:30:25,454  WARN [Worker-8] - ScalaProject - Project Coursera has platform default sourceLevel.
2015-12-02 08:30:25,454  WARN [Worker-8] - ScalaProject - Project Coursera runs on platform default installation.
2015-12-02 08:31:16,617  WARN [Worker-13] - ScalaProject - Project Coursera has platform default sourceLevel.
2015-12-02 08:31:16,617  WARN [Worker-13] - ScalaProject - Project Coursera runs on platform default installation.
2015-12-02 08:31:16,629  WARN [Worker-13] - ScalaProject - Project Coursera has platform default sourceLevel.
2015-12-02 08:31:16,630  WARN [Worker-13] - ScalaProject - Project Coursera runs on platform default installation.
2015-12-02 08:31:16,644  WARN [Worker-13] - ScalaProject - Project Coursera has platform default sourceLevel.
2015-12-02 08:31:16,645  WARN [Worker-13] - ScalaProject - Project Coursera runs on platform default installation.
2015-12-02 08:31:17,673  WARN [Worker-4] - ScalaProject - Project Coursera has platform default sourceLevel.
2015-12-02 08:31:17,673  WARN [Worker-4] - ScalaProject - Project Coursera runs on platform default installation.
2015-12-02 08:31:17,680  WARN [Worker-4] - ScalaProject - Project Coursera has platform default sourceLevel.
2015-12-02 08:31:17,680  WARN [Worker-4] - ScalaProject - Project Coursera runs on platform default installation.
2015-12-02 08:31:17,686  WARN [Worker-4] - ScalaProject - Project Coursera has platform default sourceLevel.
2015-12-02 08:31:17,687  WARN [Worker-4] - ScalaProject - Project Coursera runs on platform default installation.
2015-12-02 08:31:23,561  WARN [Worker-10] - ScalaProject - Project Coursera has platform default sourceLevel.
2015-12-02 08:31:23,563  WARN [Worker-10] - ScalaProject - Project Coursera runs on platform default installation.
2015-12-02 08:31:23,576  WARN [Worker-10] - ScalaProject - Project Coursera has platform default sourceLevel.
2015-12-02 08:31:23,576  WARN [Worker-10] - ScalaProject - Project Coursera runs on platform default installation.
2015-12-02 08:31:23,595  WARN [Worker-10] - ScalaProject - Project Coursera has platform default sourceLevel.
2015-12-02 08:31:23,595  WARN [Worker-10] - ScalaProject - Project Coursera runs on platform default installation.
2015-12-02 08:31:24,630  WARN [Worker-13] - ScalaProject - Project Coursera has platform default sourceLevel.
2015-12-02 08:31:24,630  WARN [Worker-13] - ScalaProject - Project Coursera runs on platform default installation.
2015-12-02 08:31:24,642  WARN [Worker-13] - ScalaProject - Project Coursera has platform default sourceLevel.
2015-12-02 08:31:24,642  WARN [Worker-13] - ScalaProject - Project Coursera runs on platform default installation.
2015-12-02 08:31:24,650  WARN [Worker-13] - ScalaProject - Project Coursera has platform default sourceLevel.
2015-12-02 08:31:24,650  WARN [Worker-13] - ScalaProject - Project Coursera runs on platform default installation.
2015-12-02 08:33:04,578  WARN [Worker-13] - ScalaProject - Project Coursera has platform default sourceLevel.
2015-12-02 08:33:04,579  WARN [Worker-13] - ScalaProject - Project Coursera runs on platform default installation.
2015-12-02 08:33:04,591  WARN [Worker-13] - ScalaProject - Project Coursera has platform default sourceLevel.
2015-12-02 08:33:04,591  WARN [Worker-13] - ScalaProject - Project Coursera runs on platform default installation.
2015-12-02 08:33:04,604  WARN [Worker-13] - ScalaProject - Project Coursera has platform default sourceLevel.
2015-12-02 08:33:04,604  WARN [Worker-13] - ScalaProject - Project Coursera runs on platform default installation.
2015-12-02 08:33:05,626  WARN [Worker-13] - ScalaProject - Project Coursera has platform default sourceLevel.
2015-12-02 08:33:05,627  WARN [Worker-13] - ScalaProject - Project Coursera runs on platform default installation.
2015-12-02 08:33:05,634  WARN [Worker-13] - ScalaProject - Project Coursera has platform default sourceLevel.
2015-12-02 08:33:05,635  WARN [Worker-13] - ScalaProject - Project Coursera runs on platform default installation.
2015-12-02 08:33:05,642  WARN [Worker-13] - ScalaProject - Project Coursera has platform default sourceLevel.
2015-12-02 08:33:05,643  WARN [Worker-13] - ScalaProject - Project Coursera runs on platform default installation.
2015-12-02 18:17:58,528  WARN [org.eclipse.jface.text.reconciler.MonoReconciler] - ScalaProject - Project Coursera has platform default sourceLevel.
2015-12-02 18:17:58,531  WARN [org.eclipse.jface.text.reconciler.MonoReconciler] - ScalaProject - Project Coursera runs on platform default installation.
2015-12-02 18:17:58,549  WARN [org.eclipse.jface.text.reconciler.MonoReconciler] - ScalaProject - Project Coursera has platform default sourceLevel.
2015-12-02 18:17:58,550  WARN [org.eclipse.jface.text.reconciler.MonoReconciler] - ScalaProject - Project Coursera runs on platform default installation.
2015-12-02 18:17:58,582  WARN [Worker-1] - ScalaProject - Project Coursera has platform default sourceLevel.
2015-12-02 18:17:58,584  WARN [Worker-1] - ScalaProject - Project Coursera runs on platform default installation.
2015-12-02 18:17:59,069  WARN [Worker-3] - ScalaProject - Project HelloWorld has platform default sourceLevel.
2015-12-02 18:17:59,070  WARN [Worker-3] - ScalaProject - Project HelloWorld runs on platform default installation.
2015-12-02 18:21:05,089  WARN [Worker-3] - ScalaProject - Project Coursera has platform default sourceLevel.
2015-12-02 18:21:05,090  WARN [Worker-3] - ScalaProject - Project Coursera runs on platform default installation.
2015-12-02 18:21:05,205  WARN [Worker-3] - ScalaProject - Project Coursera has platform default sourceLevel.
2015-12-02 18:21:05,206  WARN [Worker-3] - ScalaProject - Project Coursera runs on platform default installation.
2015-12-02 18:21:05,593  WARN [Worker-3] - ScalaProject - Project Coursera has platform default sourceLevel.
2015-12-02 18:21:05,593  WARN [Worker-3] - ScalaProject - Project Coursera runs on platform default installation.
2015-12-02 18:21:05,631  WARN [Worker-3] - ScalaProject - Project Coursera has platform default sourceLevel.
2015-12-02 18:21:05,631  WARN [Worker-3] - ScalaProject - Project Coursera runs on platform default installation.
2015-12-02 18:21:08,785  WARN [Worker-6] - ScalaProject - Project Coursera has platform default sourceLevel.
2015-12-02 18:21:08,786  WARN [Worker-6] - ScalaProject - Project Coursera runs on platform default installation.
2015-12-02 18:21:08,805  WARN [Worker-6] - ScalaProject - Project Coursera has platform default sourceLevel.
2015-12-02 18:21:08,805  WARN [Worker-6] - ScalaProject - Project Coursera runs on platform default installation.
2015-12-02 18:21:08,824  WARN [Worker-6] - ScalaProject - Project Coursera has platform default sourceLevel.
2015-12-02 18:21:08,824  WARN [Worker-6] - ScalaProject - Project Coursera runs on platform default installation.
2015-12-02 18:21:22,570  WARN [Worker-7] - ScalaProject - Project Coursera has platform default sourceLevel.
2015-12-02 18:21:22,570  WARN [Worker-7] - ScalaProject - Project Coursera runs on platform default installation.
2015-12-02 18:21:22,588  WARN [Worker-7] - ScalaProject - Project Coursera has platform default sourceLevel.
2015-12-02 18:21:22,588  WARN [Worker-7] - ScalaProject - Project Coursera runs on platform default installation.
2015-12-02 18:21:22,610  WARN [Worker-7] - ScalaProject - Project Coursera has platform default sourceLevel.
2015-12-02 18:21:22,610  WARN [Worker-7] - ScalaProject - Project Coursera runs on platform default installation.
2015-12-02 18:21:23,787  WARN [Worker-3] - ScalaProject - Project Coursera has platform default sourceLevel.
2015-12-02 18:21:23,787  WARN [Worker-3] - ScalaProject - Project Coursera runs on platform default installation.
2015-12-02 18:21:23,803  WARN [Worker-3] - ScalaProject - Project Coursera has platform default sourceLevel.
2015-12-02 18:21:23,804  WARN [Worker-3] - ScalaProject - Project Coursera runs on platform default installation.
2015-12-02 18:21:23,822  WARN [Worker-3] - ScalaProject - Project Coursera has platform default sourceLevel.
2015-12-02 18:21:23,822  WARN [Worker-3] - ScalaProject - Project Coursera runs on platform default installation.
2015-12-04 08:05:10,274  WARN [Worker-2] - ScalaProject - Project Coursera has platform default sourceLevel.
2015-12-04 08:05:10,276  WARN [Worker-2] - ScalaProject - Project Coursera runs on platform default installation.
2015-12-04 08:05:10,701  WARN [org.eclipse.jface.text.reconciler.MonoReconciler] - ScalaProject - Project Coursera has platform default sourceLevel.
2015-12-04 08:05:10,704  WARN [org.eclipse.jface.text.reconciler.MonoReconciler] - ScalaProject - Project Coursera runs on platform default installation.
2015-12-04 08:05:11,451  WARN [Worker-4] - ScalaProject - Project HelloWorld has platform default sourceLevel.
2015-12-04 08:05:11,451  WARN [Worker-4] - ScalaProject - Project HelloWorld runs on platform default installation.
2015-12-04 08:23:26,276  WARN [Worker-1] - ScalaProject - Project Coursera has platform default sourceLevel.
2015-12-04 08:23:26,279  WARN [Worker-1] - ScalaProject - Project Coursera runs on platform default installation.
2015-12-04 08:23:26,631  WARN [org.eclipse.jface.text.reconciler.MonoReconciler] - ScalaProject - Project Coursera has platform default sourceLevel.
2015-12-04 08:23:26,633  WARN [org.eclipse.jface.text.reconciler.MonoReconciler] - ScalaProject - Project Coursera runs on platform default installation.
2015-12-04 08:23:27,629  WARN [Worker-0] - ScalaProject - Project HelloWorld has platform default sourceLevel.
2015-12-04 08:23:27,629  WARN [Worker-0] - ScalaProject - Project HelloWorld runs on platform default installation.
2015-12-04 08:23:54,107  WARN [Worker-4] - ScalaProject - Project Coursera has platform default sourceLevel.
2015-12-04 08:23:54,108  WARN [Worker-4] - ScalaProject - Project Coursera runs on platform default installation.
2015-12-04 08:23:54,175  WARN [Worker-4] - ScalaProject - Project Coursera has platform default sourceLevel.
2015-12-04 08:23:54,175  WARN [Worker-4] - ScalaProject - Project Coursera runs on platform default installation.
2015-12-04 08:23:54,375  WARN [Worker-4] - ScalaProject - Project Coursera has platform default sourceLevel.
2015-12-04 08:23:54,375  WARN [Worker-4] - ScalaProject - Project Coursera runs on platform default installation.
2015-12-04 08:23:54,395  WARN [Worker-4] - ScalaProject - Project Coursera has platform default sourceLevel.
2015-12-04 08:23:54,395  WARN [Worker-4] - ScalaProject - Project Coursera runs on platform default installation.
2015-12-04 08:24:42,400  WARN [Worker-2] - ScalaProject - Project Coursera has platform default sourceLevel.
2015-12-04 08:24:42,400  WARN [Worker-2] - ScalaProject - Project Coursera runs on platform default installation.
2015-12-04 08:24:42,425  WARN [Worker-2] - ScalaProject - Project Coursera has platform default sourceLevel.
2015-12-04 08:24:42,425  WARN [Worker-2] - ScalaProject - Project Coursera runs on platform default installation.
2015-12-04 08:24:42,448  WARN [Worker-2] - ScalaProject - Project Coursera has platform default sourceLevel.
2015-12-04 08:24:42,449  WARN [Worker-2] - ScalaProject - Project Coursera runs on platform default installation.
2015-12-04 08:24:42,625  WARN [bundle-325-ActorSystem-akka.actor.default-dispatcher-5] - ScalaProject - Project Coursera has platform default sourceLevel.
2015-12-04 08:24:42,625  WARN [bundle-325-ActorSystem-akka.actor.default-dispatcher-5] - ScalaProject - Project Coursera runs on platform default installation.
2015-12-04 08:24:45,254  WARN [Worker-1] - ScalaProject - Project Coursera has platform default sourceLevel.
2015-12-04 08:24:45,254  WARN [Worker-1] - ScalaProject - Project Coursera runs on platform default installation.
2015-12-04 08:24:45,278  WARN [Worker-1] - ScalaProject - Project Coursera has platform default sourceLevel.
2015-12-04 08:24:45,278  WARN [Worker-1] - ScalaProject - Project Coursera runs on platform default installation.
2015-12-04 08:24:45,298  WARN [Worker-1] - ScalaProject - Project Coursera has platform default sourceLevel.
2015-12-04 08:24:45,298  WARN [Worker-1] - ScalaProject - Project Coursera runs on platform default installation.
2015-12-04 08:25:00,269 ERROR [Text Viewer Hover Presenter] - IScalaPresentationCompiler$ - Ignoring InterruptException
2015-12-04 08:25:00,269 ERROR [Text Viewer Hover Presenter] - IScalaPresentationCompiler$ - Ignoring InterruptException
2015-12-04 08:25:00,269 ERROR [Text Viewer Hover Presenter] - IScalaPresentationCompiler$ - Ignoring InterruptException
2015-12-04 08:25:26,568  WARN [Worker-0] - ScalaProject - Project Coursera has platform default sourceLevel.
2015-12-04 08:25:26,568  WARN [Worker-0] - ScalaProject - Project Coursera runs on platform default installation.
2015-12-04 08:25:26,595  WARN [Worker-0] - ScalaProject - Project Coursera has platform default sourceLevel.
2015-12-04 08:25:26,595  WARN [Worker-0] - ScalaProject - Project Coursera runs on platform default installation.
2015-12-04 08:25:26,613  WARN [Worker-0] - ScalaProject - Project Coursera has platform default sourceLevel.
2015-12-04 08:25:26,614  WARN [Worker-0] - ScalaProject - Project Coursera runs on platform default installation.
2015-12-04 08:25:27,664  WARN [Worker-4] - ScalaProject - Project Coursera has platform default sourceLevel.
2015-12-04 08:25:27,664  WARN [Worker-4] - ScalaProject - Project Coursera runs on platform default installation.
2015-12-04 08:25:27,680  WARN [Worker-4] - ScalaProject - Project Coursera has platform default sourceLevel.
2015-12-04 08:25:27,680  WARN [Worker-4] - ScalaProject - Project Coursera runs on platform default installation.
2015-12-04 08:25:27,696  WARN [Worker-4] - ScalaProject - Project Coursera has platform default sourceLevel.
2015-12-04 08:25:27,696  WARN [Worker-4] - ScalaProject - Project Coursera runs on platform default installation.
2015-12-04 08:27:00,337  WARN [Worker-0] - ScalaProject - Project Coursera has platform default sourceLevel.
2015-12-04 08:27:00,337  WARN [Worker-0] - ScalaProject - Project Coursera runs on platform default installation.
2015-12-04 08:27:00,352  WARN [Worker-0] - ScalaProject - Project Coursera has platform default sourceLevel.
2015-12-04 08:27:00,353  WARN [Worker-0] - ScalaProject - Project Coursera runs on platform default installation.
2015-12-04 08:27:00,372  WARN [Worker-0] - ScalaProject - Project Coursera has platform default sourceLevel.
2015-12-04 08:27:00,372  WARN [Worker-0] - ScalaProject - Project Coursera runs on platform default installation.
2015-12-04 08:27:32,936 ERROR [Text Viewer Hover Presenter] - IScalaPresentationCompiler$ - Ignoring InterruptException
2015-12-04 08:28:32,795  WARN [Worker-0] - ScalaProject - Project Coursera has platform default sourceLevel.
2015-12-04 08:28:32,795  WARN [Worker-0] - ScalaProject - Project Coursera runs on platform default installation.
2015-12-04 08:28:32,811  WARN [Worker-0] - ScalaProject - Project Coursera has platform default sourceLevel.
2015-12-04 08:28:32,813  WARN [Worker-0] - ScalaProject - Project Coursera runs on platform default installation.
2015-12-04 08:28:32,830  WARN [Worker-0] - ScalaProject - Project Coursera has platform default sourceLevel.
2015-12-04 08:28:32,830  WARN [Worker-0] - ScalaProject - Project Coursera runs on platform default installation.
2015-12-04 08:28:33,861  WARN [Worker-10] - ScalaProject - Project Coursera has platform default sourceLevel.
2015-12-04 08:28:33,861  WARN [Worker-10] - ScalaProject - Project Coursera runs on platform default installation.
2015-12-04 08:28:33,876  WARN [Worker-10] - ScalaProject - Project Coursera has platform default sourceLevel.
2015-12-04 08:28:33,876  WARN [Worker-10] - ScalaProject - Project Coursera runs on platform default installation.
2015-12-04 08:28:33,888  WARN [Worker-10] - ScalaProject - Project Coursera has platform default sourceLevel.
2015-12-04 08:28:33,889  WARN [Worker-10] - ScalaProject - Project Coursera runs on platform default installation.
2015-12-04 08:28:57,199  WARN [Worker-9] - ScalaProject - Project Coursera has platform default sourceLevel.
2015-12-04 08:28:57,199  WARN [Worker-9] - ScalaProject - Project Coursera runs on platform default installation.
2015-12-04 08:28:57,221  WARN [Worker-9] - ScalaProject - Project Coursera has platform default sourceLevel.
2015-12-04 08:28:57,221  WARN [Worker-9] - ScalaProject - Project Coursera runs on platform default installation.
2015-12-04 08:28:57,237  WARN [Worker-9] - ScalaProject - Project Coursera has platform default sourceLevel.
2015-12-04 08:28:57,237  WARN [Worker-9] - ScalaProject - Project Coursera runs on platform default installation.
2015-12-04 08:28:58,274  WARN [Worker-10] - ScalaProject - Project Coursera has platform default sourceLevel.
2015-12-04 08:28:58,274  WARN [Worker-10] - ScalaProject - Project Coursera runs on platform default installation.
2015-12-04 08:28:58,286  WARN [Worker-10] - ScalaProject - Project Coursera has platform default sourceLevel.
2015-12-04 08:28:58,286  WARN [Worker-10] - ScalaProject - Project Coursera runs on platform default installation.
2015-12-04 08:28:58,297  WARN [Worker-10] - ScalaProject - Project Coursera has platform default sourceLevel.
2015-12-04 08:28:58,297  WARN [Worker-10] - ScalaProject - Project Coursera runs on platform default installation.
2015-12-04 08:29:08,618  WARN [Worker-12] - ScalaProject - Project Coursera has platform default sourceLevel.
2015-12-04 08:29:08,619  WARN [Worker-12] - ScalaProject - Project Coursera runs on platform default installation.
2015-12-04 08:29:08,629  WARN [Worker-12] - ScalaProject - Project Coursera has platform default sourceLevel.
2015-12-04 08:29:08,629  WARN [Worker-12] - ScalaProject - Project Coursera runs on platform default installation.
2015-12-04 08:29:08,642  WARN [Worker-12] - ScalaProject - Project Coursera has platform default sourceLevel.
2015-12-04 08:29:08,642  WARN [Worker-12] - ScalaProject - Project Coursera runs on platform default installation.
2015-12-04 08:29:09,667  WARN [Worker-12] - ScalaProject - Project Coursera has platform default sourceLevel.
2015-12-04 08:29:09,667  WARN [Worker-12] - ScalaProject - Project Coursera runs on platform default installation.
2015-12-04 08:29:09,678  WARN [Worker-12] - ScalaProject - Project Coursera has platform default sourceLevel.
2015-12-04 08:29:09,678  WARN [Worker-12] - ScalaProject - Project Coursera runs on platform default installation.
2015-12-04 08:29:09,689  WARN [Worker-12] - ScalaProject - Project Coursera has platform default sourceLevel.
2015-12-04 08:29:09,689  WARN [Worker-12] - ScalaProject - Project Coursera runs on platform default installation.
2015-12-04 08:29:27,111  WARN [Worker-11] - ScalaProject - Project Coursera has platform default sourceLevel.
2015-12-04 08:29:27,113  WARN [Worker-11] - ScalaProject - Project Coursera runs on platform default installation.
2015-12-04 08:29:27,127  WARN [Worker-11] - ScalaProject - Project Coursera has platform default sourceLevel.
2015-12-04 08:29:27,128  WARN [Worker-11] - ScalaProject - Project Coursera runs on platform default installation.
2015-12-04 08:29:27,140  WARN [Worker-11] - ScalaProject - Project Coursera has platform default sourceLevel.
2015-12-04 08:29:27,140  WARN [Worker-11] - ScalaProject - Project Coursera runs on platform default installation.
2015-12-04 08:29:28,169  WARN [Worker-0] - ScalaProject - Project Coursera has platform default sourceLevel.
2015-12-04 08:29:28,169  WARN [Worker-0] - ScalaProject - Project Coursera runs on platform default installation.
2015-12-04 08:29:28,181  WARN [Worker-0] - ScalaProject - Project Coursera has platform default sourceLevel.
2015-12-04 08:29:28,181  WARN [Worker-0] - ScalaProject - Project Coursera runs on platform default installation.
2015-12-04 08:29:28,191  WARN [Worker-0] - ScalaProject - Project Coursera has platform default sourceLevel.
2015-12-04 08:29:28,191  WARN [Worker-0] - ScalaProject - Project Coursera runs on platform default installation.
2015-12-04 08:30:09,317  WARN [Worker-12] - ScalaProject - Project Coursera has platform default sourceLevel.
2015-12-04 08:30:09,318  WARN [Worker-12] - ScalaProject - Project Coursera runs on platform default installation.
2015-12-04 08:30:09,331  WARN [Worker-12] - ScalaProject - Project Coursera has platform default sourceLevel.
2015-12-04 08:30:09,331  WARN [Worker-12] - ScalaProject - Project Coursera runs on platform default installation.
2015-12-04 08:30:09,343  WARN [Worker-12] - ScalaProject - Project Coursera has platform default sourceLevel.
2015-12-04 08:30:09,343  WARN [Worker-12] - ScalaProject - Project Coursera runs on platform default installation.
2015-12-04 08:30:10,366  WARN [Worker-11] - ScalaProject - Project Coursera has platform default sourceLevel.
2015-12-04 08:30:10,366  WARN [Worker-11] - ScalaProject - Project Coursera runs on platform default installation.
2015-12-04 08:30:10,375  WARN [Worker-11] - ScalaProject - Project Coursera has platform default sourceLevel.
2015-12-04 08:30:10,376  WARN [Worker-11] - ScalaProject - Project Coursera runs on platform default installation.
2015-12-04 08:30:10,386  WARN [Worker-11] - ScalaProject - Project Coursera has platform default sourceLevel.
2015-12-04 08:30:10,387  WARN [Worker-11] - ScalaProject - Project Coursera runs on platform default installation.
2015-12-04 08:30:13,992  WARN [Worker-10] - ScalaProject - Project Coursera has platform default sourceLevel.
2015-12-04 08:30:13,992  WARN [Worker-10] - ScalaProject - Project Coursera runs on platform default installation.
2015-12-04 08:30:14,005  WARN [Worker-10] - ScalaProject - Project Coursera has platform default sourceLevel.
2015-12-04 08:30:14,005  WARN [Worker-10] - ScalaProject - Project Coursera runs on platform default installation.
2015-12-04 08:30:14,017  WARN [Worker-10] - ScalaProject - Project Coursera has platform default sourceLevel.
2015-12-04 08:30:14,017  WARN [Worker-10] - ScalaProject - Project Coursera runs on platform default installation.
2015-12-04 08:30:15,043  WARN [Worker-10] - ScalaProject - Project Coursera has platform default sourceLevel.
2015-12-04 08:30:15,043  WARN [Worker-10] - ScalaProject - Project Coursera runs on platform default installation.
2015-12-04 08:30:15,055  WARN [Worker-10] - ScalaProject - Project Coursera has platform default sourceLevel.
2015-12-04 08:30:15,055  WARN [Worker-10] - ScalaProject - Project Coursera runs on platform default installation.
2015-12-04 08:30:15,067  WARN [Worker-10] - ScalaProject - Project Coursera has platform default sourceLevel.
2015-12-04 08:30:15,067  WARN [Worker-10] - ScalaProject - Project Coursera runs on platform default installation.
2015-12-04 08:30:22,338  WARN [Worker-9] - ScalaProject - Project Coursera has platform default sourceLevel.
2015-12-04 08:30:22,338  WARN [Worker-9] - ScalaProject - Project Coursera runs on platform default installation.
2015-12-04 08:30:22,351  WARN [Worker-9] - ScalaProject - Project Coursera has platform default sourceLevel.
2015-12-04 08:30:22,351  WARN [Worker-9] - ScalaProject - Project Coursera runs on platform default installation.
2015-12-04 08:30:22,362  WARN [Worker-9] - ScalaProject - Project Coursera has platform default sourceLevel.
2015-12-04 08:30:22,362  WARN [Worker-9] - ScalaProject - Project Coursera runs on platform default installation.
2015-12-04 08:30:23,385  WARN [Worker-10] - ScalaProject - Project Coursera has platform default sourceLevel.
2015-12-04 08:30:23,385  WARN [Worker-10] - ScalaProject - Project Coursera runs on platform default installation.
2015-12-04 08:30:23,392  WARN [Worker-10] - ScalaProject - Project Coursera has platform default sourceLevel.
2015-12-04 08:30:23,393  WARN [Worker-10] - ScalaProject - Project Coursera runs on platform default installation.
2015-12-04 08:30:23,400  WARN [Worker-10] - ScalaProject - Project Coursera has platform default sourceLevel.
2015-12-04 08:30:23,401  WARN [Worker-10] - ScalaProject - Project Coursera runs on platform default installation.
2015-12-04 08:30:48,480  WARN [Worker-11] - ScalaProject - Project Coursera has platform default sourceLevel.
2015-12-04 08:30:48,481  WARN [Worker-11] - ScalaProject - Project Coursera runs on platform default installation.
2015-12-04 08:30:48,492  WARN [Worker-11] - ScalaProject - Project Coursera has platform default sourceLevel.
2015-12-04 08:30:48,493  WARN [Worker-11] - ScalaProject - Project Coursera runs on platform default installation.
2015-12-04 08:30:48,506  WARN [Worker-11] - ScalaProject - Project Coursera has platform default sourceLevel.
2015-12-04 08:30:48,506  WARN [Worker-11] - ScalaProject - Project Coursera runs on platform default installation.
2015-12-04 08:30:54,567  WARN [Worker-9] - ScalaProject - Project Coursera has platform default sourceLevel.
2015-12-04 08:30:54,567  WARN [Worker-9] - ScalaProject - Project Coursera runs on platform default installation.
2015-12-04 08:30:54,578  WARN [Worker-9] - ScalaProject - Project Coursera has platform default sourceLevel.
2015-12-04 08:30:54,578  WARN [Worker-9] - ScalaProject - Project Coursera runs on platform default installation.
2015-12-04 08:30:54,591  WARN [Worker-9] - ScalaProject - Project Coursera has platform default sourceLevel.
2015-12-04 08:30:54,592  WARN [Worker-9] - ScalaProject - Project Coursera runs on platform default installation.
2015-12-04 08:30:55,615  WARN [Worker-12] - ScalaProject - Project Coursera has platform default sourceLevel.
2015-12-04 08:30:55,615  WARN [Worker-12] - ScalaProject - Project Coursera runs on platform default installation.
2015-12-04 08:30:55,623  WARN [Worker-12] - ScalaProject - Project Coursera has platform default sourceLevel.
2015-12-04 08:30:55,623  WARN [Worker-12] - ScalaProject - Project Coursera runs on platform default installation.
2015-12-04 08:30:55,633  WARN [Worker-12] - ScalaProject - Project Coursera has platform default sourceLevel.
2015-12-04 08:30:55,633  WARN [Worker-12] - ScalaProject - Project Coursera runs on platform default installation.
2015-12-04 08:31:41,252  WARN [Worker-0] - ScalaProject - Project Coursera has platform default sourceLevel.
2015-12-04 08:31:41,252  WARN [Worker-0] - ScalaProject - Project Coursera runs on platform default installation.
2015-12-04 08:31:41,266  WARN [Worker-0] - ScalaProject - Project Coursera has platform default sourceLevel.
2015-12-04 08:31:41,266  WARN [Worker-0] - ScalaProject - Project Coursera runs on platform default installation.
2015-12-04 08:31:41,276  WARN [Worker-0] - ScalaProject - Project Coursera has platform default sourceLevel.
2015-12-04 08:31:41,277  WARN [Worker-0] - ScalaProject - Project Coursera runs on platform default installation.
2015-12-04 08:31:42,299  WARN [Worker-9] - ScalaProject - Project Coursera has platform default sourceLevel.
2015-12-04 08:31:42,299  WARN [Worker-9] - ScalaProject - Project Coursera runs on platform default installation.
2015-12-04 08:31:42,309  WARN [Worker-9] - ScalaProject - Project Coursera has platform default sourceLevel.
2015-12-04 08:31:42,309  WARN [Worker-9] - ScalaProject - Project Coursera runs on platform default installation.
2015-12-04 08:31:42,317  WARN [Worker-9] - ScalaProject - Project Coursera has platform default sourceLevel.
2015-12-04 08:31:42,317  WARN [Worker-9] - ScalaProject - Project Coursera runs on platform default installation.
2015-12-04 08:32:34,586  WARN [Worker-9] - ScalaProject - Project Coursera has platform default sourceLevel.
2015-12-04 08:32:34,587  WARN [Worker-9] - ScalaProject - Project Coursera runs on platform default installation.
2015-12-04 08:32:34,600  WARN [Worker-9] - ScalaProject - Project Coursera has platform default sourceLevel.
2015-12-04 08:32:34,600  WARN [Worker-9] - ScalaProject - Project Coursera runs on platform default installation.
2015-12-04 08:32:34,607  WARN [Worker-9] - ScalaProject - Project Coursera has platform default sourceLevel.
2015-12-04 08:32:34,607  WARN [Worker-9] - ScalaProject - Project Coursera runs on platform default installation.
2015-12-04 08:32:35,631  WARN [Worker-10] - ScalaProject - Project Coursera has platform default sourceLevel.
2015-12-04 08:32:35,631  WARN [Worker-10] - ScalaProject - Project Coursera runs on platform default installation.
2015-12-04 08:32:35,638  WARN [Worker-10] - ScalaProject - Project Coursera has platform default sourceLevel.
2015-12-04 08:32:35,638  WARN [Worker-10] - ScalaProject - Project Coursera runs on platform default installation.
2015-12-04 08:32:35,645  WARN [Worker-10] - ScalaProject - Project Coursera has platform default sourceLevel.
2015-12-04 08:32:35,645  WARN [Worker-10] - ScalaProject - Project Coursera runs on platform default installation.
2015-12-04 08:32:48,268  WARN [Worker-0] - ScalaProject - Project Coursera has platform default sourceLevel.
2015-12-04 08:32:48,268  WARN [Worker-0] - ScalaProject - Project Coursera runs on platform default installation.
2015-12-04 08:32:48,279  WARN [Worker-0] - ScalaProject - Project Coursera has platform default sourceLevel.
2015-12-04 08:32:48,279  WARN [Worker-0] - ScalaProject - Project Coursera runs on platform default installation.
2015-12-04 08:32:48,289  WARN [Worker-0] - ScalaProject - Project Coursera has platform default sourceLevel.
2015-12-04 08:32:48,290  WARN [Worker-0] - ScalaProject - Project Coursera runs on platform default installation.
2015-12-04 08:33:35,972  WARN [Worker-10] - ScalaProject - Project Coursera has platform default sourceLevel.
2015-12-04 08:33:35,972  WARN [Worker-10] - ScalaProject - Project Coursera runs on platform default installation.
2015-12-04 08:33:35,983  WARN [Worker-10] - ScalaProject - Project Coursera has platform default sourceLevel.
2015-12-04 08:33:35,983  WARN [Worker-10] - ScalaProject - Project Coursera runs on platform default installation.
2015-12-04 08:33:35,993  WARN [Worker-10] - ScalaProject - Project Coursera has platform default sourceLevel.
2015-12-04 08:33:35,993  WARN [Worker-10] - ScalaProject - Project Coursera runs on platform default installation.
2015-12-04 21:08:04,572  WARN [Worker-0] - ScalaProject - Project Coursera has platform default sourceLevel.
2015-12-04 21:08:04,575  WARN [Worker-0] - ScalaProject - Project Coursera runs on platform default installation.
2015-12-04 21:08:07,760  WARN [org.eclipse.jface.text.reconciler.MonoReconciler] - ScalaProject - Project Coursera has platform default sourceLevel.
2015-12-04 21:08:07,762  WARN [org.eclipse.jface.text.reconciler.MonoReconciler] - ScalaProject - Project Coursera runs on platform default installation.
2015-12-04 21:08:10,578  WARN [Worker-2] - ScalaProject - Project HelloWorld has platform default sourceLevel.
2015-12-04 21:08:10,578  WARN [Worker-2] - ScalaProject - Project HelloWorld runs on platform default installation.
